[2021-03-05T18:41:16.526667+01:00] swiat-przesylek-logger.INFO: REQUEST: POST https://api.swiatprzesylek.pl/V1/courier/create-pre-routing HTTP/1.1 {"package":{"weight":"1","size_l":"20","size_w":"10","size_d":"15","value":"100","value_currency":"PLN","content":"BOOKS","note1":"Notatka1","note2":"Notatka2"},"sender":{"name":"JAN KOWALSKI","address_line_1":"UL. TESTOWA 10","city":"WARSZAWA","zip_code":"00-001","country":"PL","tel":"000111000","email":"TEST@TESTTEST123TEST.pl"},"receiver":{"company":"JANUSZPOLEX","address_line_1":"PI\u0118KNA 1","city":"WROC\u0141AW","zip_code":"50-300","country":"PL","tel":"111000111"}}  
[2021-03-05T18:41:16.526978+01:00] swiat-przesylek-logger.INFO: RESPONSE: 200  
[2021-03-05T18:41:17.872774+01:00] swiat-przesylek-logger.INFO: REQUEST: POST https://api.swiatprzesylek.pl/V1/courier/create-pre-routing HTTP/1.1 {"package":{"weight":"2","size_l":"40","size_w":"60","size_d":"55","value":"181","value_currency":"PLN","content":"PATELNIA","note1":"TEST123333","note2":"NOTE2"},"sender":{"name":"TOMASZ NOWAK","address_line_1":"UL. D\u0141UGA 7B\/3","city":"WARSZAWA","zip_code":"00-002","country":"PL","tel":"222111000","email":"TEST@TESTTEST123TEST.pl"},"receiver":{"name":"ANNA KANIA","company":"KANIA INC","address_line_1":"\u015aLICZNA 1","city":"WARSZAWA","zip_code":"00-005","country":"PL","tel":"111000111","email":"TEST@KANIATEST123.pl"}}  
[2021-03-05T18:41:17.873051+01:00] swiat-przesylek-logger.INFO: RESPONSE: 200  
[2021-03-05T18:41:19.164829+01:00] swiat-przesylek-logger.INFO: REQUEST: POST https://api.swiatprzesylek.pl/V1/courier/create-pre-routing HTTP/1.1 {"package":{"weight":"3.3","size_l":"30","size_w":"10","size_d":"45","value":"10","value_currency":"PLN","content":"OBUWIE"},"sender":{"name":"TOMASZ NOWAK","address_line_1":"UL. D\u0141UGA 7B\/3","city":"WARSZAWA","zip_code":"00-002","country":"PL","tel":"222111000","email":"TEST@TESTTEST123TEST.pl"},"receiver":{"name":"JAROS\u0141AW TUSK","address_line_1":"WIEJSKA 1","city":"WARSZAWA","zip_code":"00-002","country":"PL","tel":"111000111"}}  
[2021-03-05T18:41:19.165021+01:00] swiat-przesylek-logger.INFO: RESPONSE: 200  
[2021-03-05T20:23:57.026418+01:00] swiat-przesylek-logger.INFO: REQUEST: POST https://api.swiatprzesylek.pl/V1/track/test HTTP/1.1   
[2021-03-05T20:23:57.026693+01:00] swiat-przesylek-logger.INFO: RESPONSE: 200  
[2021-03-05T20:25:36.558591+01:00] swiat-przesylek-logger.INFO: REQUEST: POST https://api.swiatprzesylek.pl/V1/track/test HTTP/1.1   
[2021-03-05T20:25:36.558874+01:00] swiat-przesylek-logger.INFO: RESPONSE: 200  
[2021-03-05T20:26:13.468499+01:00] swiat-przesylek-logger.INFO: REQUEST: POST https://api.swiatprzesylek.pl/V1/track/test HTTP/1.1   
[2021-03-05T20:26:13.468782+01:00] swiat-przesylek-logger.INFO: RESPONSE: 200  
[2021-03-05T20:26:59.399110+01:00] swiat-przesylek-logger.INFO: REQUEST: POST https://api.swiatprzesylek.pl/V1/track/test HTTP/1.1   
[2021-03-05T20:26:59.399457+01:00] swiat-przesylek-logger.INFO: RESPONSE: 200  
[2021-03-05T20:27:31.039984+01:00] swiat-przesylek-logger.INFO: REQUEST: POST https://api.swiatprzesylek.pl/V1/track/test HTTP/1.1   
[2021-03-05T20:27:31.040316+01:00] swiat-przesylek-logger.INFO: RESPONSE: 200  
[2021-03-05T20:28:00.838985+01:00] swiat-przesylek-logger.INFO: REQUEST: POST https://api.swiatprzesylek.pl/V1/track/test HTTP/1.1   
[2021-03-05T20:28:00.839308+01:00] swiat-przesylek-logger.INFO: RESPONSE: 200  
[2021-03-05T20:28:24.287879+01:00] swiat-przesylek-logger.INFO: REQUEST: POST https://api.swiatprzesylek.pl/V1/track/test HTTP/1.1   
[2021-03-05T20:28:24.288187+01:00] swiat-przesylek-logger.INFO: RESPONSE: 200  
[2021-03-05T20:28:50.808204+01:00] swiat-przesylek-logger.INFO: REQUEST: POST https://api.swiatprzesylek.pl/V1/track/test HTTP/1.1   
[2021-03-05T20:28:50.808340+01:00] swiat-przesylek-logger.INFO: RESPONSE: 200  
[2021-03-05T20:29:08.010510+01:00] swiat-przesylek-logger.INFO: REQUEST: POST https://api.swiatprzesylek.pl/V1/track/test HTTP/1.1   
[2021-03-05T20:29:08.010735+01:00] swiat-przesylek-logger.INFO: RESPONSE: 200  
[2021-03-05T20:29:38.117905+01:00] swiat-przesylek-logger.INFO: REQUEST: POST https://api.swiatprzesylek.pl/V1/track/test HTTP/1.1   
[2021-03-05T20:29:38.118208+01:00] swiat-przesylek-logger.INFO: RESPONSE: 200  
[2021-03-05T20:30:11.806880+01:00] swiat-przesylek-logger.INFO: REQUEST: POST https://api.swiatprzesylek.pl/V1/track/test HTTP/1.1   
[2021-03-05T20:30:11.807161+01:00] swiat-przesylek-logger.INFO: RESPONSE: 200  
[2021-03-05T20:30:24.504438+01:00] swiat-przesylek-logger.INFO: REQUEST: POST https://api.swiatprzesylek.pl/V1/track/test HTTP/1.1   
[2021-03-05T20:30:24.504715+01:00] swiat-przesylek-logger.INFO: RESPONSE: 200  
[2021-03-05T20:30:41.707126+01:00] swiat-przesylek-logger.INFO: REQUEST: POST https://api.swiatprzesylek.pl/V1/track/test HTTP/1.1   
[2021-03-05T20:30:41.707429+01:00] swiat-przesylek-logger.INFO: RESPONSE: 200  
[2021-03-05T20:30:56.555732+01:00] swiat-przesylek-logger.INFO: REQUEST: POST https://api.swiatprzesylek.pl/V1/track/test HTTP/1.1   
[2021-03-05T20:30:56.556041+01:00] swiat-przesylek-logger.INFO: RESPONSE: 200  
[2021-03-05T20:31:09.969657+01:00] swiat-przesylek-logger.INFO: REQUEST: POST https://api.swiatprzesylek.pl/V1/track/test HTTP/1.1   
[2021-03-05T20:31:09.969937+01:00] swiat-przesylek-logger.INFO: RESPONSE: 200  
[2021-03-05T20:37:50.965334+01:00] swiat-przesylek-logger.INFO: REQUEST: POST https://api.swiatprzesylek.pl/V1/track/test HTTP/1.1   
[2021-03-05T20:37:50.965638+01:00] swiat-przesylek-logger.INFO: RESPONSE: 200  
[2021-03-05T20:38:06.632998+01:00] swiat-przesylek-logger.INFO: REQUEST: POST https://api.swiatprzesylek.pl/V1/track/test HTTP/1.1   
[2021-03-05T20:38:06.633276+01:00] swiat-przesylek-logger.INFO: RESPONSE: 200  
[2021-03-05T20:38:19.740334+01:00] swiat-przesylek-logger.INFO: REQUEST: POST https://api.swiatprzesylek.pl/V1/track/test HTTP/1.1   
[2021-03-05T20:38:19.740636+01:00] swiat-przesylek-logger.INFO: RESPONSE: 200  
[2021-03-05T20:38:30.082098+01:00] swiat-przesylek-logger.INFO: REQUEST: POST https://api.swiatprzesylek.pl/V1/track/test HTTP/1.1   
[2021-03-05T20:38:30.082379+01:00] swiat-przesylek-logger.INFO: RESPONSE: 200  
[2021-03-05T23:50:04.039157+01:00] swiat-przesylek-logger.INFO: REQUEST: POST https://api.swiatprzesylek.pl/V1/courier/create-pre-routing HTTP/1.1 {"package":{"weight":"1","size_l":"20","size_w":"10","size_d":"15","value":"100","value_currency":"PLN","content":"BOOKS","note1":"Notatka1","note2":"Notatka2"},"sender":{"name":"JAN KOWALSKI","address_line_1":"UL. TESTOWA 10","city":"WARSZAWA","zip_code":"00-001","country":"PL","tel":"000111000","email":"TEST@TESTTEST123TEST.pl"},"receiver":{"company":"JANUSZPOLEX","address_line_1":"PI\u0118KNA 1","city":"WROC\u0141AW","zip_code":"50-300","country":"PL","tel":"111000111"}}  
[2021-03-05T23:50:04.039459+01:00] swiat-przesylek-logger.INFO: RESPONSE: 200  
[2021-03-05T23:50:05.828010+01:00] swiat-przesylek-logger.INFO: REQUEST: POST https://api.swiatprzesylek.pl/V1/courier/create-pre-routing HTTP/1.1 {"package":{"weight":"2","size_l":"40","size_w":"60","size_d":"55","value":"181","value_currency":"PLN","content":"PATELNIA","note1":"TEST123333","note2":"NOTE2"},"sender":{"name":"TOMASZ NOWAK","address_line_1":"UL. D\u0141UGA 7B\/3","city":"WARSZAWA","zip_code":"00-002","country":"PL","tel":"222111000","email":"TEST@TESTTEST123TEST.pl"},"receiver":{"name":"ANNA KANIA","company":"KANIA INC","address_line_1":"\u015aLICZNA 1","city":"WARSZAWA","zip_code":"00-005","country":"PL","tel":"111000111","email":"TEST@KANIATEST123.pl"}}  
[2021-03-05T23:50:05.828207+01:00] swiat-przesylek-logger.INFO: RESPONSE: 200  
[2021-03-05T23:50:07.257142+01:00] swiat-przesylek-logger.INFO: REQUEST: POST https://api.swiatprzesylek.pl/V1/courier/create-pre-routing HTTP/1.1 {"package":{"weight":"3.3","size_l":"30","size_w":"10","size_d":"45","value":"10","value_currency":"PLN","content":"OBUWIE"},"sender":{"name":"TOMASZ NOWAK","address_line_1":"UL. D\u0141UGA 7B\/3","city":"WARSZAWA","zip_code":"00-002","country":"PL","tel":"222111000","email":"TEST@TESTTEST123TEST.pl"},"receiver":{"name":"JAROS\u0141AW TUSK","address_line_1":"WIEJSKA 1","city":"WARSZAWA","zip_code":"00-002","country":"PL","tel":"111000111"}}  
[2021-03-05T23:50:07.257433+01:00] swiat-przesylek-logger.INFO: RESPONSE: 200  
[2021-03-05T23:53:19.848956+01:00] swiat-przesylek-logger.INFO: REQUEST: POST https://api.swiatprzesylek.pl/V1/courier/create-pre-routing HTTP/1.1 {"package":{"weight":"1","size_l":"20","size_w":"10","size_d":"15","value":"100","value_currency":"PLN","content":"BOOKS","note1":"Notatka1","note2":"Notatka2"},"sender":{"name":"JAN KOWALSKI","address_line_1":"UL. TESTOWA 10","city":"WARSZAWA","zip_code":"00-001","country":"PL","tel":"000111000","email":"TEST@TESTTEST123TEST.pl"},"receiver":{"company":"JANUSZPOLEX","address_line_1":"PI\u0118KNA 1","city":"WROC\u0141AW","zip_code":"50-300","country":"PL","tel":"111000111"}}  
[2021-03-05T23:53:19.849121+01:00] swiat-przesylek-logger.INFO: RESPONSE: 200  
[2021-03-05T23:53:21.098001+01:00] swiat-przesylek-logger.INFO: REQUEST: POST https://api.swiatprzesylek.pl/V1/courier/create-pre-routing HTTP/1.1 {"package":{"weight":"2","size_l":"40","size_w":"60","size_d":"55","value":"181","value_currency":"PLN","content":"PATELNIA","note1":"TEST123333","note2":"NOTE2"},"sender":{"name":"TOMASZ NOWAK","address_line_1":"UL. D\u0141UGA 7B\/3","city":"WARSZAWA","zip_code":"00-002","country":"PL","tel":"222111000","email":"TEST@TESTTEST123TEST.pl"},"receiver":{"name":"ANNA KANIA","company":"KANIA INC","address_line_1":"\u015aLICZNA 1","city":"WARSZAWA","zip_code":"00-005","country":"PL","tel":"111000111","email":"TEST@KANIATEST123.pl"}}  
[2021-03-05T23:53:21.098193+01:00] swiat-przesylek-logger.INFO: RESPONSE: 200  
[2021-03-05T23:53:22.841613+01:00] swiat-przesylek-logger.INFO: REQUEST: POST https://api.swiatprzesylek.pl/V1/courier/create-pre-routing HTTP/1.1 {"package":{"weight":"3.3","size_l":"30","size_w":"10","size_d":"45","value":"10","value_currency":"PLN","content":"OBUWIE"},"sender":{"name":"TOMASZ NOWAK","address_line_1":"UL. D\u0141UGA 7B\/3","city":"WARSZAWA","zip_code":"00-002","country":"PL","tel":"222111000","email":"TEST@TESTTEST123TEST.pl"},"receiver":{"name":"JAROS\u0141AW TUSK","address_line_1":"WIEJSKA 1","city":"WARSZAWA","zip_code":"00-002","country":"PL","tel":"111000111"}}  
[2021-03-05T23:53:22.841793+01:00] swiat-przesylek-logger.INFO: RESPONSE: 200  
[2021-03-06T00:02:29.125739+01:00] swiat-przesylek-logger.INFO: REQUEST: POST https://api.swiatprzesylek.pl/V1/courier/create-pre-routing HTTP/1.1 {"package":{"weight":"1","size_l":"20","size_w":"10","size_d":"15","value":"100","value_currency":"PLN","content":"BOOKS","note1":"Notatka1","note2":"Notatka2"},"sender":{"name":"JAN KOWALSKI","address_line_1":"UL. TESTOWA 10","city":"WARSZAWA","zip_code":"00-001","country":"PL","tel":"000111000","email":"TEST@TESTTEST123TEST.pl"},"receiver":{"company":"JANUSZPOLEX","address_line_1":"PI\u0118KNA 1","city":"WROC\u0141AW","zip_code":"50-300","country":"PL","tel":"111000111"}}  
[2021-03-06T00:02:29.126022+01:00] swiat-przesylek-logger.INFO: RESPONSE: 200  
[2021-03-06T00:02:30.930899+01:00] swiat-przesylek-logger.INFO: REQUEST: POST https://api.swiatprzesylek.pl/V1/courier/create-pre-routing HTTP/1.1 {"package":{"weight":"2","size_l":"40","size_w":"60","size_d":"55","value":"181","value_currency":"PLN","content":"PATELNIA","note1":"TEST123333","note2":"NOTE2"},"sender":{"name":"TOMASZ NOWAK","address_line_1":"UL. D\u0141UGA 7B\/3","city":"WARSZAWA","zip_code":"00-002","country":"PL","tel":"222111000","email":"TEST@TESTTEST123TEST.pl"},"receiver":{"name":"ANNA KANIA","company":"KANIA INC","address_line_1":"\u015aLICZNA 1","city":"WARSZAWA","zip_code":"00-005","country":"PL","tel":"111000111","email":"TEST@KANIATEST123.pl"}}  
[2021-03-06T00:02:30.931121+01:00] swiat-przesylek-logger.INFO: RESPONSE: 200  
[2021-03-06T00:02:32.720409+01:00] swiat-przesylek-logger.INFO: REQUEST: POST https://api.swiatprzesylek.pl/V1/courier/create-pre-routing HTTP/1.1 {"package":{"weight":"3.3","size_l":"30","size_w":"10","size_d":"45","value":"10","value_currency":"PLN","content":"OBUWIE"},"sender":{"name":"TOMASZ NOWAK","address_line_1":"UL. D\u0141UGA 7B\/3","city":"WARSZAWA","zip_code":"00-002","country":"PL","tel":"222111000","email":"TEST@TESTTEST123TEST.pl"},"receiver":{"name":"JAROS\u0141AW TUSK","address_line_1":"WIEJSKA 1","city":"WARSZAWA","zip_code":"00-002","country":"PL","tel":"111000111"}}  
[2021-03-06T00:02:32.720621+01:00] swiat-przesylek-logger.INFO: RESPONSE: 200  
[2021-03-06T00:03:28.093878+01:00] swiat-przesylek-logger.INFO: REQUEST: POST https://api.swiatprzesylek.pl/V1/courier/create-pre-routing HTTP/1.1 {"package":{"weight":"1","size_l":"20","size_w":"10","size_d":"15","value":"100","value_currency":"PLN","content":"BOOKS","note1":"Notatka1","note2":"Notatka2"},"sender":{"name":"JAN KOWALSKI","address_line_1":"UL. TESTOWA 10","city":"WARSZAWA","zip_code":"00-001","country":"PL","tel":"000111000","email":"TEST@TESTTEST123TEST.pl"},"receiver":{"company":"JANUSZPOLEX","address_line_1":"PI\u0118KNA 1","city":"WROC\u0141AW","zip_code":"50-300","country":"PL","tel":"111000111"}}  
[2021-03-06T00:03:28.094100+01:00] swiat-przesylek-logger.INFO: RESPONSE: 200  
[2021-03-06T00:03:29.655989+01:00] swiat-przesylek-logger.INFO: REQUEST: POST https://api.swiatprzesylek.pl/V1/courier/create-pre-routing HTTP/1.1 {"package":{"weight":"2","size_l":"40","size_w":"60","size_d":"55","value":"181","value_currency":"PLN","content":"PATELNIA","note1":"TEST123333","note2":"NOTE2"},"sender":{"name":"TOMASZ NOWAK","address_line_1":"UL. D\u0141UGA 7B\/3","city":"WARSZAWA","zip_code":"00-002","country":"PL","tel":"222111000","email":"TEST@TESTTEST123TEST.pl"},"receiver":{"name":"ANNA KANIA","company":"KANIA INC","address_line_1":"\u015aLICZNA 1","city":"WARSZAWA","zip_code":"00-005","country":"PL","tel":"111000111","email":"TEST@KANIATEST123.pl"}}  
[2021-03-06T00:03:29.656155+01:00] swiat-przesylek-logger.INFO: RESPONSE: 200  
[2021-03-06T00:03:31.705350+01:00] swiat-przesylek-logger.INFO: REQUEST: POST https://api.swiatprzesylek.pl/V1/courier/create-pre-routing HTTP/1.1 {"package":{"weight":"3.3","size_l":"30","size_w":"10","size_d":"45","value":"10","value_currency":"PLN","content":"OBUWIE"},"sender":{"name":"TOMASZ NOWAK","address_line_1":"UL. D\u0141UGA 7B\/3","city":"WARSZAWA","zip_code":"00-002","country":"PL","tel":"222111000","email":"TEST@TESTTEST123TEST.pl"},"receiver":{"name":"JAROS\u0141AW TUSK","address_line_1":"WIEJSKA 1","city":"WARSZAWA","zip_code":"00-002","country":"PL","tel":"111000111"}}  
[2021-03-06T00:03:31.705529+01:00] swiat-przesylek-logger.INFO: RESPONSE: 200  
[2021-03-06T00:13:40.237401+01:00] swiat-przesylek-logger.INFO: REQUEST: POST https://api.swiatprzesylek.pl/V1/courier/create-pre-routing HTTP/1.1 {"package":{"weight":"1","size_l":"20","size_w":"10","size_d":"15","value":"100","value_currency":"PLN","content":"BOOKS","note1":"Notatka1","note2":"Notatka2"},"sender":{"name":"JAN KOWALSKI","address_line_1":"UL. TESTOWA 10","city":"WARSZAWA","zip_code":"00-001","country":"PL","tel":"000111000","email":"TEST@TESTTEST123TEST.pl"},"receiver":{"company":"JANUSZPOLEX","address_line_1":"PI\u0118KNA 1","city":"WROC\u0141AW","zip_code":"50-300","country":"PL","tel":"111000111"}}  
[2021-03-06T00:13:40.237738+01:00] swiat-przesylek-logger.INFO: RESPONSE: 200  
[2021-03-06T00:13:41.797730+01:00] swiat-przesylek-logger.INFO: REQUEST: POST https://api.swiatprzesylek.pl/V1/courier/create-pre-routing HTTP/1.1 {"package":{"weight":"2","size_l":"40","size_w":"60","size_d":"55","value":"181","value_currency":"PLN","content":"PATELNIA","note1":"TEST123333","note2":"NOTE2"},"sender":{"name":"TOMASZ NOWAK","address_line_1":"UL. D\u0141UGA 7B\/3","city":"WARSZAWA","zip_code":"00-002","country":"PL","tel":"222111000","email":"TEST@TESTTEST123TEST.pl"},"receiver":{"name":"ANNA KANIA","company":"KANIA INC","address_line_1":"\u015aLICZNA 1","city":"WARSZAWA","zip_code":"00-005","country":"PL","tel":"111000111","email":"TEST@KANIATEST123.pl"}}  
[2021-03-06T00:13:41.797910+01:00] swiat-przesylek-logger.INFO: RESPONSE: 200  
[2021-03-06T00:13:43.437219+01:00] swiat-przesylek-logger.INFO: REQUEST: POST https://api.swiatprzesylek.pl/V1/courier/create-pre-routing HTTP/1.1 {"package":{"weight":"3.3","size_l":"30","size_w":"10","size_d":"45","value":"10","value_currency":"PLN","content":"OBUWIE"},"sender":{"name":"TOMASZ NOWAK","address_line_1":"UL. D\u0141UGA 7B\/3","city":"WARSZAWA","zip_code":"00-002","country":"PL","tel":"222111000","email":"TEST@TESTTEST123TEST.pl"},"receiver":{"name":"JAROS\u0141AW TUSK","address_line_1":"WIEJSKA 1","city":"WARSZAWA","zip_code":"00-002","country":"PL","tel":"111000111"}}  
[2021-03-06T00:13:43.437417+01:00] swiat-przesylek-logger.INFO: RESPONSE: 200  
[2021-03-06T00:45:21.949581+01:00] swiat-przesylek-logger.INFO: REQUEST: POST https://api.swiatprzesylek.pl/V1/courier/create-pre-routing HTTP/1.1 {"package":{"weight":"1","size_l":"20","size_w":"10","size_d":"15","value":"100","value_currency":"PLN","content":"BOOKS","note1":"Notatka1","note2":"Notatka2"},"sender":{"name":"JAN KOWALSKI","address_line_1":"UL. TESTOWA 10","city":"WARSZAWA","zip_code":"00-001","country":"PL","tel":"000111000","email":"TEST@TESTTEST123TEST.pl"},"receiver":{"company":"JANUSZPOLEX","address_line_1":"PI\u0118KNA 1","city":"WROC\u0141AW","zip_code":"50-300","country":"PL","tel":"111000111"}}  
[2021-03-06T00:45:21.949880+01:00] swiat-przesylek-logger.INFO: RESPONSE: 200  
[2021-03-06T00:45:33.987536+01:00] swiat-przesylek-logger.INFO: REQUEST: POST https://api.swiatprzesylek.pl/V1/courier/create-pre-routing HTTP/1.1 {"package":{"weight":"2","size_l":"40","size_w":"60","size_d":"55","value":"181","value_currency":"PLN","content":"PATELNIA","note1":"TEST123333","note2":"NOTE2"},"sender":{"name":"TOMASZ NOWAK","address_line_1":"UL. D\u0141UGA 7B\/3","city":"WARSZAWA","zip_code":"00-002","country":"PL","tel":"222111000","email":"TEST@TESTTEST123TEST.pl"},"receiver":{"name":"ANNA KANIA","company":"KANIA INC","address_line_1":"\u015aLICZNA 1","city":"WARSZAWA","zip_code":"00-005","country":"PL","tel":"111000111","email":"TEST@KANIATEST123.pl"}}  
[2021-03-06T00:45:33.987721+01:00] swiat-przesylek-logger.INFO: RESPONSE: 200  
[2021-03-06T00:45:46.075487+01:00] swiat-przesylek-logger.INFO: REQUEST: POST https://api.swiatprzesylek.pl/V1/courier/create-pre-routing HTTP/1.1 {"package":{"weight":"3.3","size_l":"30","size_w":"10","size_d":"45","value":"10","value_currency":"PLN","content":"OBUWIE"},"sender":{"name":"TOMASZ NOWAK","address_line_1":"UL. D\u0141UGA 7B\/3","city":"WARSZAWA","zip_code":"00-002","country":"PL","tel":"222111000","email":"TEST@TESTTEST123TEST.pl"},"receiver":{"name":"JAROS\u0141AW TUSK","address_line_1":"WIEJSKA 1","city":"WARSZAWA","zip_code":"00-002","country":"PL","tel":"111000111"}}  
[2021-03-06T00:45:46.075665+01:00] swiat-przesylek-logger.INFO: RESPONSE: 200  
[2021-03-06T00:56:25.854203+01:00] swiat-przesylek-logger.INFO: REQUEST: POST https://api.swiatprzesylek.pl/V1/courier/create-pre-routing HTTP/1.1 {"package":{"weight":"1","size_l":"20","size_w":"10","size_d":"15","value":"100","value_currency":"PLN","content":"BOOKS","note1":"Notatka1","note2":"Notatka2"},"sender":{"name":"JAN KOWALSKI","address_line_1":"UL. TESTOWA 10","city":"WARSZAWA","zip_code":"00-001","country":"PL","tel":"000111000","email":"TEST@TESTTEST123TEST.pl"},"receiver":{"company":"JANUSZPOLEX","address_line_1":"PI\u0118KNA 1","city":"WROC\u0141AW","zip_code":"50-300","country":"PL","tel":"111000111"}}  
[2021-03-06T00:56:25.854483+01:00] swiat-przesylek-logger.INFO: RESPONSE: 200  
[2021-03-06T00:56:43.064386+01:00] swiat-przesylek-logger.INFO: REQUEST: POST https://api.swiatprzesylek.pl/V1/courier/create-pre-routing HTTP/1.1 {"package":{"weight":"2","size_l":"40","size_w":"60","size_d":"55","value":"181","value_currency":"PLN","content":"PATELNIA","note1":"TEST123333","note2":"NOTE2"},"sender":{"name":"TOMASZ NOWAK","address_line_1":"UL. D\u0141UGA 7B\/3","city":"WARSZAWA","zip_code":"00-002","country":"PL","tel":"222111000","email":"TEST@TESTTEST123TEST.pl"},"receiver":{"name":"ANNA KANIA","company":"KANIA INC","address_line_1":"\u015aLICZNA 1","city":"WARSZAWA","zip_code":"00-005","country":"PL","tel":"111000111","email":"TEST@KANIATEST123.pl"}}  
[2021-03-06T00:56:43.064583+01:00] swiat-przesylek-logger.INFO: RESPONSE: 200  
[2021-03-06T00:57:00.452786+01:00] swiat-przesylek-logger.INFO: REQUEST: POST https://api.swiatprzesylek.pl/V1/courier/create-pre-routing HTTP/1.1 {"package":{"weight":"3.3","size_l":"30","size_w":"10","size_d":"45","value":"10","value_currency":"PLN","content":"OBUWIE"},"sender":{"name":"TOMASZ NOWAK","address_line_1":"UL. D\u0141UGA 7B\/3","city":"WARSZAWA","zip_code":"00-002","country":"PL","tel":"222111000","email":"TEST@TESTTEST123TEST.pl"},"receiver":{"name":"JAROS\u0141AW TUSK","address_line_1":"WIEJSKA 1","city":"WARSZAWA","zip_code":"00-002","country":"PL","tel":"111000111"}}  
[2021-03-06T00:57:00.452966+01:00] swiat-przesylek-logger.INFO: RESPONSE: 200  
[2021-03-06T01:11:32.610079+01:00] swiat-przesylek-logger.INFO: REQUEST: POST https://api.swiatprzesylek.pl/V1/courier/create-pre-routing HTTP/1.1 {"package":{"weight":"1","size_l":"20","size_w":"10","size_d":"15","value":"100","value_currency":"PLN","content":"BOOKS","note1":"Notatka1","note2":"Notatka2"},"sender":{"name":"JAN KOWALSKI","address_line_1":"UL. TESTOWA 10","city":"WARSZAWA","zip_code":"00-001","country":"PL","tel":"000111000","email":"TEST@TESTTEST123TEST.pl"},"receiver":{"company":"JANUSZPOLEX","address_line_1":"PI\u0118KNA 1","city":"WROC\u0141AW","zip_code":"50-300","country":"PL","tel":"111000111"}}  
[2021-03-06T01:11:32.610364+01:00] swiat-przesylek-logger.INFO: RESPONSE: 200  
[2021-03-06T01:11:39.558866+01:00] swiat-przesylek-logger.INFO: REQUEST: POST https://api.swiatprzesylek.pl/V1/courier/create-pre-routing HTTP/1.1 {"package":{"weight":"2","size_l":"40","size_w":"60","size_d":"55","value":"181","value_currency":"PLN","content":"PATELNIA","note1":"TEST123333","note2":"NOTE2"},"sender":{"name":"TOMASZ NOWAK","address_line_1":"UL. D\u0141UGA 7B\/3","city":"WARSZAWA","zip_code":"00-002","country":"PL","tel":"222111000","email":"TEST@TESTTEST123TEST.pl"},"receiver":{"name":"ANNA KANIA","company":"KANIA INC","address_line_1":"\u015aLICZNA 1","city":"WARSZAWA","zip_code":"00-005","country":"PL","tel":"111000111","email":"TEST@KANIATEST123.pl"}}  
[2021-03-06T01:11:39.559078+01:00] swiat-przesylek-logger.INFO: RESPONSE: 200  
[2021-03-06T01:11:47.131341+01:00] swiat-przesylek-logger.INFO: REQUEST: POST https://api.swiatprzesylek.pl/V1/courier/create-pre-routing HTTP/1.1 {"package":{"weight":"3.3","size_l":"30","size_w":"10","size_d":"45","value":"10","value_currency":"PLN","content":"OBUWIE"},"sender":{"name":"TOMASZ NOWAK","address_line_1":"UL. D\u0141UGA 7B\/3","city":"WARSZAWA","zip_code":"00-002","country":"PL","tel":"222111000","email":"TEST@TESTTEST123TEST.pl"},"receiver":{"name":"JAROS\u0141AW TUSK","address_line_1":"WIEJSKA 1","city":"WARSZAWA","zip_code":"00-002","country":"PL","tel":"111000111"}}  
[2021-03-06T01:11:47.131528+01:00] swiat-przesylek-logger.INFO: RESPONSE: 200  
